Added Component: Designator=C1(C_0603)
Added Component: Designator=C2(C_0603)
Added Component: Designator=C3(C_0603)
Added Component: Designator=C4(C_0603)
Added Component: Designator=C5(C_0603)
Added Component: Designator=D1(SFH4255)
Added Component: Designator=P1(HDR1X6)
Added Component: Designator=Q1(SOT23)
Added Component: Designator=R1(R_0603)
Added Component: Designator=R2(R_0603)
Added Component: Designator=R3(R_0603)
Added Component: Designator=R3(R_0603)
Added Component: Designator=R4(R_0603)
Added Component: Designator=U1(SOT_353)
Added Pin To Net: NetName=GND Pin=C1-1
Added Pin To Net: NetName=5V0 Pin=C1-2
Added Pin To Net: NetName=GND Pin=C2-1
Added Pin To Net: NetName=5V0 Pin=C2-2
Added Pin To Net: NetName=5V0 Pin=C3-1
Added Pin To Net: NetName=GND Pin=C3-2
Added Pin To Net: NetName=5V0 Pin=C4-1
Added Pin To Net: NetName=GND Pin=C4-2
Added Pin To Net: NetName=5V0 Pin=C5-1
Added Pin To Net: NetName=GND Pin=C5-2
Added Pin To Net: NetName=NetD1_1 Pin=D1-1
Added Pin To Net: NetName=NetD1_2 Pin=D1-2
Added Pin To Net: NetName=5V0 Pin=P1-1
Added Pin To Net: NetName=GND Pin=P1-2
Added Pin To Net: NetName=NetP1_2 Pin=P1-6
Added Pin To Net: NetName=NetQ1_1 Pin=Q1-1
Added Pin To Net: NetName=GND Pin=Q1-2
Added Pin To Net: NetName=NetD1_2 Pin=Q1-3
Added Pin To Net: NetName=5V0 Pin=R1-1
Added Pin To Net: NetName=NetD1_1 Pin=R1-2
Added Pin To Net: NetName=5V0 Pin=R2-1
Added Pin To Net: NetName=NetD1_1 Pin=R2-2
Added Pin To Net: NetName=5V0 Pin=R3-1
Added Pin To Net: NetName=5V0 Pin=R3-1
Added Pin To Net: NetName=NetD1_1 Pin=R3-2
Added Pin To Net: NetName=NetD1_1 Pin=R3-2
Added Pin To Net: NetName=NetP1_2 Pin=R4-1
Added Pin To Net: NetName=GND Pin=R4-2
Added Pin To Net: NetName=NetP1_2 Pin=U1-2
Added Pin To Net: NetName=GND Pin=U1-3
Added Pin To Net: NetName=NetQ1_1 Pin=U1-4
Added Pin To Net: NetName=5V0 Pin=U1-5
Change Net Name : Old Net Name=5V0 New Net Name=VCC
Change Net Name : Old Net Name=NetP1_2 New Net Name=INPUT
Added Member To Class: ClassName=IRTxRx Member=Component C1 06035A101JAT2A
Added Member To Class: ClassName=IRTxRx Member=Component C2 C1608X7R1A225K080AC
Added Member To Class: ClassName=IRTxRx Member=Component C3 06035A101JAT2A
Added Member To Class: ClassName=IRTxRx Member=Component C4 C1608X7R1A225K080AC
Added Member To Class: ClassName=IRTxRx Member=Component C5 C1608X7R1A225K080AC
Added Member To Class: ClassName=IRTxRx Member=Component D1 SFH 4255-Z
Added Member To Class: ClassName=IRTxRx Member=Component P1 Header 6
Added Member To Class: ClassName=IRTxRx Member=Component Q1 ZXMN2A01FTA
Added Member To Class: ClassName=IRTxRx Member=Component R1 RES 240 OHM 1/10W 1% 0603 SMD
Added Member To Class: ClassName=IRTxRx Member=Component R2 RES 240 OHM 1/10W 1% 0603 SMD
Added Member To Class: ClassName=IRTxRx Member=Component R3 RES 240 OHM 1/10W 1% 0603 SMD
Added Member To Class: ClassName=IRTxRx Member=Component R4 RES 10K OHM 1/10W 1% 0603 SMD
Added Member To Class: ClassName=IRTxRx Member=Component U1 74LVC1G17
Added Room: Name=IRTxRx
