Added Component: Designator=C1(C_0402)
Added Component: Designator=C2(C_0402)
Added Component: Designator=C3(C_0402)
Added Component: Designator=P1(HDR1X2)
Added Component: Designator=P2(HDR1X2)
Added Component: Designator=Q1(SOT23)
Added Component: Designator=Q?(SOT23)
Added Component: Designator=R1(R_0603)
Added Component: Designator=R2(R_0603)
Added Component: Designator=R3(R_0603)
Added Pin To Net: NetName=5V0 Pin=C1-1
Added Pin To Net: NetName=GND Pin=C1-2
Added Pin To Net: NetName=5V0 Pin=C2-1
Added Pin To Net: NetName=GND Pin=C2-2
Added Pin To Net: NetName=5V0 Pin=C3-1
Added Pin To Net: NetName=GND Pin=C3-2
Added Pin To Net: NetName=GND Pin=P1-1
Added Pin To Net: NetName=NetP1_2 Pin=P1-2
Added Pin To Net: NetName=GND Pin=P2-1
Added Pin To Net: NetName=5V0 Pin=P2-2
Added Pin To Net: NetName=NetQ1_1 Pin=Q1-1
Added Pin To Net: NetName=GND Pin=Q1-2
Added Pin To Net: NetName=NetD1_2 Pin=Q1-3
Added Pin To Net: NetName=5V0 Pin=R1-1
Added Pin To Net: NetName=NetD1_1 Pin=R1-2
Added Pin To Net: NetName=5V0 Pin=R2-1
Added Pin To Net: NetName=NetD1_1 Pin=R2-2
Added Pin To Net: NetName=5V0 Pin=R3-1
Added Pin To Net: NetName=NetD1_1 Pin=R3-2
Added Member To Class: ClassName=IRTxRx Member=Component C1 CGA2B1X7R1C104K050BC
Added Member To Class: ClassName=IRTxRx Member=Component C2 C1005X5R1E105K050BC
Added Member To Class: ClassName=IRTxRx Member=Component C3 CGA2B1X7R1C104K050BC
Added Member To Class: ClassName=IRTxRx Member=Component P1 Header 2
Added Member To Class: ClassName=IRTxRx Member=Component P2 Header 2
Added Member To Class: ClassName=IRTxRx Member=Component Q1 ZXMN2A01FTA
Added Member To Class: ClassName=IRTxRx Member=Component Q? ZXMN2A01FTA
Added Member To Class: ClassName=IRTxRx Member=Component R1 RES 240 OHM 1/10W 1% 0603 SMD
Added Member To Class: ClassName=IRTxRx Member=Component R2 RES 240 OHM 1/10W 1% 0603 SMD
Added Member To Class: ClassName=IRTxRx Member=Component R3 RES 240 OHM 1/10W 1% 0603 SMD
Added Room: Name=IRTxRx
